<?xml version="1.0" encoding="UTF-8"?>
<testng-results ignored="0" total="1" passed="1" failed="0" skipped="0">
  <reporter-output>
  </reporter-output>
  <suite started-at="2026-02-17T10:24:42 IST" name="Default suite" finished-at="2026-02-17T10:24:46 IST" duration-ms="3515">
    <groups>
    </groups>
    <test started-at="2026-02-17T10:24:42 IST" name="Default test" finished-at="2026-02-17T10:24:46 IST" duration-ms="3515">
      <class name="POJOClassDemo.JSONArrayPOJOClassDemo">
        <test-method signature="createEmployeeJSONArray()[pri:0, instance:POJOClassDemo.JSONArrayPOJOClassDemo@bef2d72]" started-at="2026-02-17T10:24:42 IST" name="createEmployeeJSONArray" finished-at="2026-02-17T10:24:46 IST" duration-ms="3471" status="PASS">
          <reporter-output>
          </reporter-output>
        </test-method> <!-- createEmployeeJSONArray -->
      </class> <!-- POJOClassDemo.JSONArrayPOJOClassDemo -->
    </test> <!-- Default test -->
  </suite> <!-- Default suite -->
</testng-results>
