<?xml version="1.0" encoding="UTF-8"?>
<!-- Generated by org.testng.reporters.JUnitReportReporter -->
<testsuite hostname="LP-TZD-5X45800" failures="0" tests="2" name="RestAssuredConcepts.GETMethod2" time="5.631" errors="0" timestamp="2026-02-13T15:03:22 IST" skipped="0">
  <testcase classname="RestAssuredConcepts.GETMethod2" name="Request2" time="1.212"/>
  <system-out/>
  <testcase classname="RestAssuredConcepts.GETMethod2" name="Request1" time="4.419"/>
  <system-out/>
</testsuite> <!-- RestAssuredConcepts.GETMethod2 -->
