<?xml version="1.0" encoding="UTF-8"?>
<!-- Generated by org.testng.reporters.JUnitReportReporter -->
<testsuite hostname="LP-TZD-5X45800" failures="0" tests="2" name="RestAssuredConcepts.GETMethodUsingGlobalDeclration" time="5.365" errors="0" timestamp="2026-02-13T15:08:38 IST" skipped="0">
  <testcase classname="RestAssuredConcepts.GETMethodUsingGlobalDeclration" name="request1" time="1.985"/>
  <system-out/>
  <testcase classname="RestAssuredConcepts.GETMethodUsingGlobalDeclration" name="Request2" time="3.380"/>
  <system-out/>
</testsuite> <!-- RestAssuredConcepts.GETMethodUsingGlobalDeclration -->
